{"level":"INFO","time":"2022-01-13 08:55:28","msg":"验证信息错误：角色码为必填字段"}
{"level":"INFO","time":"2022-01-13 08:55:28","msg":"/api/v1/user/add","hostname":"localhost","status":200,"clientIP":"::1","method":"POST","agent":"PostmanRuntime/7.28.4","cost":"5 ms"}
{"level":"INFO","time":"2022-01-13 08:55:33","msg":"验证信息错误：角色码必须大于或等于2"}
{"level":"INFO","time":"2022-01-13 08:55:33","msg":"/api/v1/user/add","hostname":"localhost","status":200,"clientIP":"::1","method":"POST","agent":"PostmanRuntime/7.28.4","cost":"1 ms"}
{"level":"INFO","time":"2022-01-13 08:55:37","msg":"新增用户admin:123456，状态是OK"}
{"level":"INFO","time":"2022-01-13 08:55:37","msg":"/api/v1/user/add","hostname":"localhost","status":200,"clientIP":"::1","method":"POST","agent":"PostmanRuntime/7.28.4","cost":"106 ms"}
{"level":"INFO","time":"2022-01-13 09:04:51","msg":"新增用户admin:123456，状态是用户名已存在"}
{"level":"INFO","time":"2022-01-13 09:04:51","msg":"/api/v1/user/add","hostname":"localhost","status":200,"clientIP":"::1","method":"POST","agent":"PostmanRuntime/7.28.4","cost":"2 ms"}
{"level":"INFO","time":"2022-01-13 09:09:53","msg":"/swagger/index.html","hostname":"localhost","status":200,"clientIP":"::1","method":"GET","agent":"Mozilla/5.0 (Macintosh; Intel Mac OS X 10_15_7) AppleWebKit/537.36 (KHTML, like Gecko) Chrome/97.0.4692.71 Safari/537.36 Edg/97.0.1072.55","cost":"0 ms"}
{"level":"INFO","time":"2022-01-13 09:09:53","msg":"/swagger/swagger-ui.css","hostname":"localhost","status":200,"clientIP":"::1","method":"GET","agent":"Mozilla/5.0 (Macintosh; Intel Mac OS X 10_15_7) AppleWebKit/537.36 (KHTML, like Gecko) Chrome/97.0.4692.71 Safari/537.36 Edg/97.0.1072.55","cost":"0 ms"}
{"level":"INFO","time":"2022-01-13 09:09:53","msg":"/swagger/swagger-ui-standalone-preset.js","hostname":"localhost","status":200,"clientIP":"::1","method":"GET","agent":"Mozilla/5.0 (Macintosh; Intel Mac OS X 10_15_7) AppleWebKit/537.36 (KHTML, like Gecko) Chrome/97.0.4692.71 Safari/537.36 Edg/97.0.1072.55","cost":"0 ms"}
{"level":"INFO","time":"2022-01-13 09:09:53","msg":"/swagger/swagger-ui-bundle.js","hostname":"localhost","status":200,"clientIP":"::1","method":"GET","agent":"Mozilla/5.0 (Macintosh; Intel Mac OS X 10_15_7) AppleWebKit/537.36 (KHTML, like Gecko) Chrome/97.0.4692.71 Safari/537.36 Edg/97.0.1072.55","cost":"8 ms"}
{"level":"INFO","time":"2022-01-13 09:09:54","msg":"/swagger/doc.json","hostname":"localhost","status":200,"clientIP":"::1","method":"GET","agent":"Mozilla/5.0 (Macintosh; Intel Mac OS X 10_15_7) AppleWebKit/537.36 (KHTML, like Gecko) Chrome/97.0.4692.71 Safari/537.36 Edg/97.0.1072.55","cost":"0 ms"}
{"level":"INFO","time":"2022-01-13 09:13:02","msg":"/swagger/index.html","hostname":"localhost","status":200,"clientIP":"::1","method":"GET","agent":"Mozilla/5.0 (Macintosh; Intel Mac OS X 10_15_7) AppleWebKit/537.36 (KHTML, like Gecko) Chrome/97.0.4692.71 Safari/537.36 Edg/97.0.1072.55","cost":"0 ms"}
{"level":"INFO","time":"2022-01-13 09:13:02","msg":"/swagger/swagger-ui-standalone-preset.js","hostname":"localhost","status":200,"clientIP":"::1","method":"GET","agent":"Mozilla/5.0 (Macintosh; Intel Mac OS X 10_15_7) AppleWebKit/537.36 (KHTML, like Gecko) Chrome/97.0.4692.71 Safari/537.36 Edg/97.0.1072.55","cost":"0 ms"}
{"level":"INFO","time":"2022-01-13 09:13:02","msg":"/swagger/swagger-ui.css","hostname":"localhost","status":200,"clientIP":"::1","method":"GET","agent":"Mozilla/5.0 (Macintosh; Intel Mac OS X 10_15_7) AppleWebKit/537.36 (KHTML, like Gecko) Chrome/97.0.4692.71 Safari/537.36 Edg/97.0.1072.55","cost":"0 ms"}
{"level":"INFO","time":"2022-01-13 09:13:02","msg":"/swagger/swagger-ui-bundle.js","hostname":"localhost","status":200,"clientIP":"::1","method":"GET","agent":"Mozilla/5.0 (Macintosh; Intel Mac OS X 10_15_7) AppleWebKit/537.36 (KHTML, like Gecko) Chrome/97.0.4692.71 Safari/537.36 Edg/97.0.1072.55","cost":"24 ms"}
{"level":"INFO","time":"2022-01-13 09:13:02","msg":"/swagger/doc.json","hostname":"localhost","status":200,"clientIP":"::1","method":"GET","agent":"Mozilla/5.0 (Macintosh; Intel Mac OS X 10_15_7) AppleWebKit/537.36 (KHTML, like Gecko) Chrome/97.0.4692.71 Safari/537.36 Edg/97.0.1072.55","cost":"1 ms"}
{"level":"INFO","time":"2022-01-13 09:13:02","msg":"/swagger/favicon-32x32.png","hostname":"localhost","status":200,"clientIP":"::1","method":"GET","agent":"Mozilla/5.0 (Macintosh; Intel Mac OS X 10_15_7) AppleWebKit/537.36 (KHTML, like Gecko) Chrome/97.0.4692.71 Safari/537.36 Edg/97.0.1072.55","cost":"0 ms"}
{"level":"INFO","time":"2022-01-13 09:54:26","msg":"/api/v1/login","hostname":"localhost","status":200,"clientIP":"::1","method":"POST","agent":"Mozilla/5.0 (Macintosh; Intel Mac OS X 10_15_7) AppleWebKit/537.36 (KHTML, like Gecko) Chrome/97.0.4692.71 Safari/537.36 Edg/97.0.1072.55","cost":"84 ms"}
